[debug] [2023-12-23T03:42:30.935Z] ----------------------------------------------------------------------
[debug] [2023-12-23T03:42:30.938Z] Command:       C:\Program Files\nodejs\node.exe C:\Users\surya\AppData\Roaming\npm\node_modules\firebase-tools\lib\bin\firebase.js init
[debug] [2023-12-23T03:42:30.938Z] CLI Version:   12.8.0
[debug] [2023-12-23T03:42:30.938Z] Platform:      win32
[debug] [2023-12-23T03:42:30.939Z] Node Version:  v20.9.0
[debug] [2023-12-23T03:42:30.939Z] Time:          Sat Dec 23 2023 09:12:30 GMT+0530 (India Standard Time)
[debug] [2023-12-23T03:42:30.939Z] ----------------------------------------------------------------------
[debug] 
[debug] [2023-12-23T03:42:30.944Z] >>> [apiv2][query] GET https://firebase-public.firebaseio.com/cli.json [none]
[debug] [2023-12-23T03:42:30.996Z] > command requires scopes: ["email","openid","https://www.googleapis.com/auth/cloudplatformprojects.readonly","https://www.googleapis.com/auth/firebase","https://www.googleapis.com/auth/cloud-platform"]
[debug] [2023-12-23T03:42:30.996Z] > authorizing via signed-in user (we2canbefriends@gmail.com)
[info] 
     ######## #### ########  ######## ########     ###     ######  ########
     ##        ##  ##     ## ##       ##     ##  ##   ##  ##       ##
     ######    ##  ########  ######   ########  #########  ######  ######
     ##        ##  ##    ##  ##       ##     ## ##     ##       ## ##
     ##       #### ##     ## ######## ########  ##     ##  ######  ########

You're about to initialize a Firebase project in this directory:

  D:\SSSSSSSSSSSSSS\mern\frontend\build

[debug] [2023-12-23T03:42:31.717Z] <<< [apiv2][status] GET https://firebase-public.firebaseio.com/cli.json 200
[debug] [2023-12-23T03:42:31.717Z] <<< [apiv2][body] GET https://firebase-public.firebaseio.com/cli.json {"cloudBuildErrorAfter":1594252800000,"cloudBuildWarnAfter":1590019200000,"defaultNode10After":1594252800000,"minVersion":"3.0.5","node8DeploysDisabledAfter":1613390400000,"node8RuntimeDisabledAfter":1615809600000,"node8WarnAfter":1600128000000}
[info] 
=== Project Setup
[info] 
[info] First, let's associate this project directory with a Firebase project.
[info] You can create multiple project aliases by running firebase use --add, 
[info] but for now we'll just set up a default project.
[info] 
